0 info it worked if it ends with ok
1 verbose cli [ '/usr/bin/nodejs', '/usr/bin/npm', 'install' ]
2 info using npm@3.10.8
3 info using node@v6.9.1
4 silly loadCurrentTree Starting
5 silly install loadCurrentTree
6 silly install readLocalPackageData
7 silly install normalizeTree
8 silly loadCurrentTree Finishing
9 silly loadIdealTree Starting
10 silly install loadIdealTree
11 silly cloneCurrentTree Starting
12 silly install cloneCurrentTreeToIdealTree
13 silly cloneCurrentTree Finishing
14 silly loadShrinkwrap Starting
15 silly install loadShrinkwrap
16 silly loadShrinkwrap Finishing
17 silly loadAllDepsIntoIdealTree Starting
18 silly install loadAllDepsIntoIdealTree
19 silly fetchNamedPackageData fsevents
20 silly mapToRegistry name fsevents
21 silly mapToRegistry using default registry
22 silly mapToRegistry registry https://registry.npmjs.org/
23 silly mapToRegistry data Result {
23 silly mapToRegistry   raw: 'fsevents',
23 silly mapToRegistry   scope: null,
23 silly mapToRegistry   escapedName: 'fsevents',
23 silly mapToRegistry   name: 'fsevents',
23 silly mapToRegistry   rawSpec: '',
23 silly mapToRegistry   spec: 'latest',
23 silly mapToRegistry   type: 'tag' }
24 silly mapToRegistry uri https://registry.npmjs.org/fsevents
25 verbose request uri https://registry.npmjs.org/fsevents
26 verbose request no auth needed
27 info attempt registry request try #1 at 6:03:43 AM
28 verbose request id 50e80d34c1c46243
29 verbose etag "J1WMJADQEUBTKGSOYI5A2X04"
30 http request GET https://registry.npmjs.org/fsevents
31 http 304 https://registry.npmjs.org/fsevents
32 verbose headers { date: 'Fri, 21 Oct 2016 06:03:44 GMT',
32 verbose headers   via: '1.1 varnish',
32 verbose headers   'cache-control': 'max-age=300',
32 verbose headers   etag: '"J1WMJADQEUBTKGSOYI5A2X04"',
32 verbose headers   age: '239',
32 verbose headers   connection: 'keep-alive',
32 verbose headers   'x-served-by': 'cache-sea1924-SEA',
32 verbose headers   'x-cache': 'HIT',
32 verbose headers   'x-cache-hits': '23',
32 verbose headers   'x-timer': 'S1477029824.296535,VS0,VE0',
32 verbose headers   vary: 'Accept-Encoding' }
33 silly get cb [ 304,
33 silly get   { date: 'Fri, 21 Oct 2016 06:03:44 GMT',
33 silly get     via: '1.1 varnish',
33 silly get     'cache-control': 'max-age=300',
33 silly get     etag: '"J1WMJADQEUBTKGSOYI5A2X04"',
33 silly get     age: '239',
33 silly get     connection: 'keep-alive',
33 silly get     'x-served-by': 'cache-sea1924-SEA',
33 silly get     'x-cache': 'HIT',
33 silly get     'x-cache-hits': '23',
33 silly get     'x-timer': 'S1477029824.296535,VS0,VE0',
33 silly get     vary: 'Accept-Encoding' } ]
34 verbose etag https://registry.npmjs.org/fsevents from cache
35 verbose get saving fsevents to /home/deploy/.npm/registry.npmjs.org/fsevents/.cache.json
36 verbose correctMkdir /home/deploy/.npm correctMkdir not in flight; initializing
37 silly resolveWithNewModule fsevents@1.0.14 checking installable status
38 silly loadAllDepsIntoIdealTree Finishing
39 silly loadIdealTree Finishing
40 silly currentTree chatmeup@1.0.0
40 silly currentTree ├── accepts@1.3.3
40 silly currentTree ├── after@0.8.1
40 silly currentTree ├── ansi-regex@2.0.0
40 silly currentTree ├── ansi-styles@2.2.1
40 silly currentTree ├── anymatch@1.3.0
40 silly currentTree ├── arr-diff@2.0.0
40 silly currentTree ├── arr-flatten@1.0.1
40 silly currentTree ├── array-find-index@1.0.2
40 silly currentTree ├── array-flatten@1.1.1
40 silly currentTree ├── array-uniq@1.0.3
40 silly currentTree ├── array-unique@0.2.1
40 silly currentTree ├── arraybuffer.slice@0.0.6
40 silly currentTree ├── arrify@1.0.1
40 silly currentTree ├── asap@2.0.5
40 silly currentTree ├── asn1@0.2.3
40 silly currentTree ├── assert-plus@0.2.0
40 silly currentTree ├── assert@1.4.1
40 silly currentTree ├── async-each@1.0.1
40 silly currentTree ├── async@2.0.1
40 silly currentTree ├── asynckit@0.4.0
40 silly currentTree ├── aws-sign2@0.6.0
40 silly currentTree ├── aws4@1.5.0
40 silly currentTree ├── axios@0.15.2
40 silly currentTree ├── babel-cli@6.16.0
40 silly currentTree ├─┬ babel-code-frame@6.16.0
40 silly currentTree │ └── js-tokens@2.0.0
40 silly currentTree ├── babel-core@6.17.0
40 silly currentTree ├── babel-generator@6.17.0
40 silly currentTree ├── babel-helper-builder-react-jsx@6.9.0
40 silly currentTree ├── babel-helpers@6.16.0
40 silly currentTree ├── babel-messages@6.8.0
40 silly currentTree ├── babel-plugin-syntax-flow@6.13.0
40 silly currentTree ├── babel-plugin-syntax-jsx@6.13.0
40 silly currentTree ├── babel-plugin-transform-flow-strip-types@6.14.0
40 silly currentTree ├── babel-plugin-transform-react-display-name@6.8.0
40 silly currentTree ├── babel-plugin-transform-react-jsx-self@6.11.0
40 silly currentTree ├── babel-plugin-transform-react-jsx-source@6.9.0
40 silly currentTree ├── babel-plugin-transform-react-jsx@6.8.0
40 silly currentTree ├─┬ babel-polyfill@6.16.0
40 silly currentTree │ └── core-js@2.4.1
40 silly currentTree ├── babel-preset-react@6.16.0
40 silly currentTree ├─┬ babel-register@6.16.3
40 silly currentTree │ └── core-js@2.4.1
40 silly currentTree ├─┬ babel-runtime@6.11.6
40 silly currentTree │ └── core-js@2.4.1
40 silly currentTree ├── babel-template@6.16.0
40 silly currentTree ├── babel-traverse@6.16.0
40 silly currentTree ├── babel-types@6.16.0
40 silly currentTree ├── babylon@6.12.0
40 silly currentTree ├── backo2@1.0.2
40 silly currentTree ├── balanced-match@0.4.2
40 silly currentTree ├── base64-arraybuffer@0.1.5
40 silly currentTree ├── base64id@0.1.0
40 silly currentTree ├── basic-auth@1.0.4
40 silly currentTree ├── bcrypt-pbkdf@1.0.0
40 silly currentTree ├── benchmark@1.0.0
40 silly currentTree ├── better-assert@1.0.2
40 silly currentTree ├─┬ bin-version-check@2.1.0
40 silly currentTree │ └── semver@4.3.6
40 silly currentTree ├── bin-version@1.0.4
40 silly currentTree ├── binary-extensions@1.7.0
40 silly currentTree ├─┬ bl@1.1.2
40 silly currentTree │ └── readable-stream@2.0.6
40 silly currentTree ├── blob@0.0.4
40 silly currentTree ├── bluebird@2.10.2
40 silly currentTree ├── body-parser@1.15.2
40 silly currentTree ├── boom@2.10.1
40 silly currentTree ├── brace-expansion@1.1.6
40 silly currentTree ├── braces@1.8.5
40 silly currentTree ├── bson@0.5.6
40 silly currentTree ├── buffer-shims@1.0.0
40 silly currentTree ├── builtin-modules@1.1.1
40 silly currentTree ├── bytes@2.4.0
40 silly currentTree ├── callsite@1.0.0
40 silly currentTree ├── camelcase-keys@2.1.0
40 silly currentTree ├── camelcase@2.1.1
40 silly currentTree ├── caseless@0.11.0
40 silly currentTree ├── chalk@1.1.1
40 silly currentTree ├── chokidar@1.6.1
40 silly currentTree ├── combined-stream@1.0.5
40 silly currentTree ├── commander@2.9.0
40 silly currentTree ├── component-bind@1.0.0
40 silly currentTree ├── component-emitter@1.1.2
40 silly currentTree ├── component-inherit@0.0.3
40 silly currentTree ├── concat-map@0.0.1
40 silly currentTree ├── content-disposition@0.5.1
40 silly currentTree ├── content-type@1.0.2
40 silly currentTree ├── convert-source-map@1.3.0
40 silly currentTree ├── cookie-signature@1.0.6
40 silly currentTree ├── cookie@0.3.1
40 silly currentTree ├── core-js@1.2.7
40 silly currentTree ├── core-util-is@1.0.2
40 silly currentTree ├── cryptiles@2.0.5
40 silly currentTree ├── currently-unhandled@0.4.1
40 silly currentTree ├─┬ dashdash@1.14.0
40 silly currentTree │ └── assert-plus@1.0.0
40 silly currentTree ├── debug@2.2.0
40 silly currentTree ├── decamelize@1.2.0
40 silly currentTree ├── deep-equal@1.0.1
40 silly currentTree ├── delayed-stream@1.0.0
40 silly currentTree ├── depd@1.1.0
40 silly currentTree ├── destroy@1.0.4
40 silly currentTree ├── detect-indent@3.0.1
40 silly currentTree ├── dotenv@2.0.0
40 silly currentTree ├── ecc-jsbn@0.1.1
40 silly currentTree ├── ee-first@1.1.1
40 silly currentTree ├── encodeurl@1.0.1
40 silly currentTree ├── encoding@0.1.12
40 silly currentTree ├── engine.io-client@1.7.0
40 silly currentTree ├─┬ engine.io-parser@1.3.0
40 silly currentTree │ ├── has-binary@0.1.6
40 silly currentTree │ └── isarray@0.0.1
40 silly currentTree ├── engine.io@1.7.0
40 silly currentTree ├── error-ex@1.3.0
40 silly currentTree ├── es6-promise@3.2.1
40 silly currentTree ├── escape-html@1.0.3
40 silly currentTree ├── escape-string-regexp@1.0.5
40 silly currentTree ├── esutils@2.0.2
40 silly currentTree ├── etag@1.7.0
40 silly currentTree ├── expand-brackets@0.1.5
40 silly currentTree ├── expand-range@1.8.2
40 silly currentTree ├── express@4.14.0
40 silly currentTree ├── extend@3.0.0
40 silly currentTree ├── extglob@0.3.2
40 silly currentTree ├── extsprintf@1.0.2
40 silly currentTree ├── fbjs@0.8.5
40 silly currentTree ├── filename-regex@2.0.0
40 silly currentTree ├── fill-range@2.2.3
40 silly currentTree ├── finalhandler@0.5.0
40 silly currentTree ├─┬ find-up@1.1.2
40 silly currentTree │ └── path-exists@2.1.0
40 silly currentTree ├── find-versions@1.2.1
40 silly currentTree ├─┬ firebase@3.5.1
40 silly currentTree │ ├── dom-storage@2.0.2
40 silly currentTree │ ├─┬ faye-websocket@0.9.3
40 silly currentTree │ │ └─┬ websocket-driver@0.6.4
40 silly currentTree │ │   └── websocket-extensions@0.1.1
40 silly currentTree │ ├─┬ jsonwebtoken@5.7.0
40 silly currentTree │ │ ├─┬ jws@3.1.3
40 silly currentTree │ │ │ ├─┬ base64url@1.0.6
40 silly currentTree │ │ │ │ ├─┬ concat-stream@1.4.10
40 silly currentTree │ │ │ │ │ ├── inherits@2.0.1
40 silly currentTree │ │ │ │ │ ├─┬ readable-stream@1.1.14
40 silly currentTree │ │ │ │ │ │ ├── core-util-is@1.0.2
40 silly currentTree │ │ │ │ │ │ ├── isarray@0.0.1
40 silly currentTree │ │ │ │ │ │ └── string_decoder@0.10.31
40 silly currentTree │ │ │ │ │ └── typedarray@0.0.6
40 silly currentTree │ │ │ │ └─┬ meow@2.0.0
40 silly currentTree │ │ │ │   ├─┬ camelcase-keys@1.0.0
40 silly currentTree │ │ │ │   │ ├── camelcase@1.2.1
40 silly currentTree │ │ │ │   │ └── map-obj@1.0.1
40 silly currentTree │ │ │ │   ├─┬ indent-string@1.2.2
40 silly currentTree │ │ │ │   │ ├── get-stdin@4.0.1
40 silly currentTree │ │ │ │   │ └─┬ repeating@1.1.3
40 silly currentTree │ │ │ │   │   └─┬ is-finite@1.0.1
40 silly currentTree │ │ │ │   │     └── number-is-nan@1.0.0
40 silly currentTree │ │ │ │   ├── minimist@1.2.0
40 silly currentTree │ │ │ │   └── object-assign@1.0.0
40 silly currentTree │ │ │ └─┬ jwa@1.1.3
40 silly currentTree │ │ │   ├── buffer-equal-constant-time@1.0.1
40 silly currentTree │ │ │   └─┬ ecdsa-sig-formatter@1.0.5
40 silly currentTree │ │ │     └── base64-url@1.2.2
40 silly currentTree │ │ ├── ms@0.7.1
40 silly currentTree │ │ └── xtend@4.0.1
40 silly currentTree │ ├── rsvp@3.2.1
40 silly currentTree │ └── xmlhttprequest@1.8.0
40 silly currentTree ├── follow-redirects@0.0.7
40 silly currentTree ├── for-in@0.1.6
40 silly currentTree ├── for-own@0.1.4
40 silly currentTree ├── forever-agent@0.6.1
40 silly currentTree ├── form-data@2.0.0
40 silly currentTree ├── forwarded@0.1.0
40 silly currentTree ├── fresh@0.3.0
40 silly currentTree ├── fs-readdir-recursive@0.1.2
40 silly currentTree ├── generate-function@2.0.0
40 silly currentTree ├── generate-object-property@1.2.0
40 silly currentTree ├── get-stdin@4.0.1
40 silly currentTree ├─┬ getpass@0.1.6
40 silly currentTree │ └── assert-plus@1.0.0
40 silly currentTree ├── glob-base@0.3.0
40 silly currentTree ├── glob-parent@2.0.0
40 silly currentTree ├── glob@5.0.15
40 silly currentTree ├── globals@8.18.0
40 silly currentTree ├── graceful-fs@4.1.9
40 silly currentTree ├── graceful-readlink@1.0.1
40 silly currentTree ├── har-validator@2.0.6
40 silly currentTree ├── has-ansi@2.0.0
40 silly currentTree ├─┬ has-binary@0.1.7
40 silly currentTree │ └── isarray@0.0.1
40 silly currentTree ├── has-cors@1.1.0
40 silly currentTree ├── hawk@3.1.3
40 silly currentTree ├─┬ history@2.1.2
40 silly currentTree │ └── warning@2.1.0
40 silly currentTree ├── hoek@2.16.3
40 silly currentTree ├── hoist-non-react-statics@1.2.0
40 silly currentTree ├── home-or-tmp@1.0.0
40 silly currentTree ├── hooks-fixed@1.2.0
40 silly currentTree ├── hosted-git-info@2.1.5
40 silly currentTree ├── http-errors@1.5.0
40 silly currentTree ├── http-signature@1.1.1
40 silly currentTree ├── http@0.0.0
40 silly currentTree ├── iconv-lite@0.4.13
40 silly currentTree ├── immutable@3.8.1
40 silly currentTree ├─┬ indent-string@2.1.0
40 silly currentTree │ └── repeating@2.0.1
40 silly currentTree ├── indexof@0.0.1
40 silly currentTree ├── inflight@1.0.6
40 silly currentTree ├── inherits@2.0.1
40 silly currentTree ├── invariant@2.2.1
40 silly currentTree ├── ipaddr.js@1.1.1
40 silly currentTree ├── is-arrayish@0.2.1
40 silly currentTree ├── is-binary-path@1.0.1
40 silly currentTree ├── is-buffer@1.1.4
40 silly currentTree ├── is-builtin-module@1.0.0
40 silly currentTree ├── is-dotfile@1.0.2
40 silly currentTree ├── is-equal-shallow@0.1.3
40 silly currentTree ├── is-extendable@0.1.1
40 silly currentTree ├── is-extglob@1.0.0
40 silly currentTree ├── is-finite@1.0.2
40 silly currentTree ├── is-glob@2.0.1
40 silly currentTree ├── is-my-json-valid@2.15.0
40 silly currentTree ├── is-number@2.1.0
40 silly currentTree ├── is-posix-bracket@0.1.1
40 silly currentTree ├── is-primitive@2.0.0
40 silly currentTree ├── is-property@1.0.2
40 silly currentTree ├── is-stream@1.1.0
40 silly currentTree ├── is-typedarray@1.0.0
40 silly currentTree ├── is-utf8@0.2.1
40 silly currentTree ├── isarray@1.0.0
40 silly currentTree ├── isobject@2.1.0
40 silly currentTree ├── isomorphic-fetch@2.2.1
40 silly currentTree ├── isstream@0.1.2
40 silly currentTree ├── jodid25519@1.0.2
40 silly currentTree ├── jquery@3.1.1
40 silly currentTree ├── js-tokens@1.0.3
40 silly currentTree ├── jsbn@0.1.0
40 silly currentTree ├── jsesc@1.3.0
40 silly currentTree ├── json-schema@0.2.3
40 silly currentTree ├── json-stringify-safe@5.0.1
40 silly currentTree ├── json3@3.2.6
40 silly currentTree ├── json5@0.4.0
40 silly currentTree ├── jsonpointer@4.0.0
40 silly currentTree ├── jsprim@1.3.1
40 silly currentTree ├── kareem@1.1.3
40 silly currentTree ├── kind-of@3.0.4
40 silly currentTree ├── load-json-file@1.1.0
40 silly currentTree ├── lodash.foreach@4.5.0
40 silly currentTree ├── lodash.get@4.4.2
40 silly currentTree ├── lodash@4.16.4
40 silly currentTree ├── log-symbols@1.0.2
40 silly currentTree ├── loose-envify@1.2.0
40 silly currentTree ├── loud-rejection@1.6.0
40 silly currentTree ├── map-obj@1.0.1
40 silly currentTree ├── media-typer@0.3.0
40 silly currentTree ├── meow@3.7.0
40 silly currentTree ├── merge-descriptors@1.0.1
40 silly currentTree ├── methods@1.1.2
40 silly currentTree ├── micromatch@2.3.11
40 silly currentTree ├── mime-db@1.24.0
40 silly currentTree ├── mime-types@2.1.12
40 silly currentTree ├── mime@1.3.4
40 silly currentTree ├── minimatch@3.0.3
40 silly currentTree ├── minimist@1.2.0
40 silly currentTree ├─┬ mkdirp@0.5.1
40 silly currentTree │ └── minimist@0.0.8
40 silly currentTree ├── moment@2.15.1
40 silly currentTree ├── mongodb-core@2.0.12
40 silly currentTree ├── mongodb@2.2.10
40 silly currentTree ├── mongoose-unique-validator@1.0.2
40 silly currentTree ├── mongoose@4.6.4
40 silly currentTree ├── morgan@1.7.0
40 silly currentTree ├── mpath@0.2.1
40 silly currentTree ├── mpromise@0.5.5
40 silly currentTree ├─┬ mquery@2.0.0
40 silly currentTree │ └── sliced@0.0.5
40 silly currentTree ├── ms@0.7.1
40 silly currentTree ├── muri@1.1.1
40 silly currentTree ├── negotiator@0.6.1
40 silly currentTree ├── node-fetch@1.6.3
40 silly currentTree ├── node-uuid@1.4.7
40 silly currentTree ├── normalize-package-data@2.3.5
40 silly currentTree ├── normalize-path@2.0.1
40 silly currentTree ├── number-is-nan@1.0.1
40 silly currentTree ├── oauth-sign@0.8.2
40 silly currentTree ├── object-assign@4.1.0
40 silly currentTree ├── object-component@0.0.3
40 silly currentTree ├── object.omit@2.0.0
40 silly currentTree ├── on-finished@2.3.0
40 silly currentTree ├── on-headers@1.0.1
40 silly currentTree ├── once@1.4.0
40 silly currentTree ├── options@0.0.6
40 silly currentTree ├── os-tmpdir@1.0.2
40 silly currentTree ├── output-file-sync@1.1.2
40 silly currentTree ├── parse-glob@3.0.4
40 silly currentTree ├── parse-json@2.2.0
40 silly currentTree ├── parsejson@0.0.1
40 silly currentTree ├── parseqs@0.0.2
40 silly currentTree ├── parseuri@0.0.4
40 silly currentTree ├── parseurl@1.3.1
40 silly currentTree ├── path-exists@1.0.0
40 silly currentTree ├── path-is-absolute@1.0.1
40 silly currentTree ├── path-to-regexp@0.1.7
40 silly currentTree ├── path-type@1.1.0
40 silly currentTree ├── path@0.12.7
40 silly currentTree ├── pify@2.3.0
40 silly currentTree ├── pinkie-promise@2.0.1
40 silly currentTree ├── pinkie@2.0.4
40 silly currentTree ├── preserve@0.2.0
40 silly currentTree ├── private@0.1.6
40 silly currentTree ├── process-nextick-args@1.0.7
40 silly currentTree ├── process@0.11.9
40 silly currentTree ├── promise@7.1.1
40 silly currentTree ├── proxy-addr@1.1.2
40 silly currentTree ├── qs@6.2.0
40 silly currentTree ├── query-string@3.0.3
40 silly currentTree ├── randomatic@1.1.5
40 silly currentTree ├── range-parser@1.2.0
40 silly currentTree ├── raw-body@2.1.7
40 silly currentTree ├── react-dom@15.3.2
40 silly currentTree ├── react-router@2.8.1
40 silly currentTree ├── react-timeago@3.1.3
40 silly currentTree ├── react@15.3.2
40 silly currentTree ├── reactfire@1.0.0
40 silly currentTree ├── read-pkg-up@1.0.1
40 silly currentTree ├── read-pkg@1.1.0
40 silly currentTree ├── readable-stream@2.1.5
40 silly currentTree ├── readdirp@2.1.0
40 silly currentTree ├── redent@1.0.0
40 silly currentTree ├── regenerator-runtime@0.9.5
40 silly currentTree ├── regex-cache@0.4.3
40 silly currentTree ├── regexp-clone@0.0.1
40 silly currentTree ├── repeat-element@1.1.2
40 silly currentTree ├── repeat-string@1.5.4
40 silly currentTree ├── repeating@1.1.3
40 silly currentTree ├── request@2.75.0
40 silly currentTree ├── require_optional@1.0.0
40 silly currentTree ├── resolve-from@2.0.0
40 silly currentTree ├── semver-regex@1.0.0
40 silly currentTree ├── semver-truncate@1.1.2
40 silly currentTree ├── semver@5.3.0
40 silly currentTree ├── send@0.14.1
40 silly currentTree ├── serve-static@1.11.1
40 silly currentTree ├── set-immediate-shim@1.0.1
40 silly currentTree ├── setprototypeof@1.0.1
40 silly currentTree ├── shebang-regex@1.0.0
40 silly currentTree ├── signal-exit@3.0.1
40 silly currentTree ├── slash@1.0.0
40 silly currentTree ├── sliced@1.0.1
40 silly currentTree ├── sntp@1.0.9
40 silly currentTree ├─┬ socket.io-adapter@0.4.0
40 silly currentTree │ ├── isarray@0.0.1
40 silly currentTree │ └─┬ socket.io-parser@2.2.2
40 silly currentTree │   └── debug@0.7.4
40 silly currentTree ├─┬ socket.io-client@1.5.0
40 silly currentTree │ └── component-emitter@1.2.0
40 silly currentTree ├─┬ socket.io-parser@2.2.6
40 silly currentTree │ ├── isarray@0.0.1
40 silly currentTree │ └── json3@3.3.2
40 silly currentTree ├── socket.io@1.5.0
40 silly currentTree ├── source-map-support@0.4.5
40 silly currentTree ├── source-map@0.5.6
40 silly currentTree ├── spdx-correct@1.0.2
40 silly currentTree ├── spdx-expression-parse@1.0.4
40 silly currentTree ├── spdx-license-ids@1.2.2
40 silly currentTree ├─┬ sshpk@1.10.1
40 silly currentTree │ └── assert-plus@1.0.0
40 silly currentTree ├── statuses@1.3.0
40 silly currentTree ├── stream-consume@0.1.0
40 silly currentTree ├── strict-uri-encode@1.1.0
40 silly currentTree ├── string_decoder@0.10.31
40 silly currentTree ├── stringstream@0.0.5
40 silly currentTree ├── strip-ansi@3.0.1
40 silly currentTree ├── strip-bom@2.0.0
40 silly currentTree ├── strip-indent@1.0.1
40 silly currentTree ├── supports-color@2.0.0
40 silly currentTree ├── to-array@0.1.4
40 silly currentTree ├── to-fast-properties@1.0.2
40 silly currentTree ├── tough-cookie@2.3.1
40 silly currentTree ├── trim-newlines@1.0.0
40 silly currentTree ├── tunnel-agent@0.4.3
40 silly currentTree ├── tweetnacl@0.14.3
40 silly currentTree ├── type-is@1.6.13
40 silly currentTree ├── ua-parser-js@0.7.10
40 silly currentTree ├── ultron@1.0.2
40 silly currentTree ├── unpipe@1.0.0
40 silly currentTree ├── user-home@1.1.1
40 silly currentTree ├── util-deprecate@1.0.2
40 silly currentTree ├── util@0.10.3
40 silly currentTree ├── utils-merge@1.0.0
40 silly currentTree ├── v8flags@2.0.11
40 silly currentTree ├── validate-npm-package-license@3.0.1
40 silly currentTree ├── vary@1.1.0
40 silly currentTree ├── verror@1.3.6
40 silly currentTree ├── warning@3.0.0
40 silly currentTree ├── whatwg-fetch@1.0.0
40 silly currentTree ├── wrappy@1.0.2
40 silly currentTree ├── ws@1.1.1
40 silly currentTree ├── wtf-8@1.0.0
40 silly currentTree ├── xmlhttprequest-ssl@1.5.1
40 silly currentTree ├── xtend@4.0.1
40 silly currentTree └── yeast@0.1.2
41 silly idealTree chatmeup@1.0.0
41 silly idealTree ├── accepts@1.3.3
41 silly idealTree ├── after@0.8.1
41 silly idealTree ├── ansi-regex@2.0.0
41 silly idealTree ├── ansi-styles@2.2.1
41 silly idealTree ├── anymatch@1.3.0
41 silly idealTree ├── arr-diff@2.0.0
41 silly idealTree ├── arr-flatten@1.0.1
41 silly idealTree ├── array-find-index@1.0.2
41 silly idealTree ├── array-flatten@1.1.1
41 silly idealTree ├── array-uniq@1.0.3
41 silly idealTree ├── array-unique@0.2.1
41 silly idealTree ├── arraybuffer.slice@0.0.6
41 silly idealTree ├── arrify@1.0.1
41 silly idealTree ├── asap@2.0.5
41 silly idealTree ├── asn1@0.2.3
41 silly idealTree ├── assert-plus@0.2.0
41 silly idealTree ├── assert@1.4.1
41 silly idealTree ├── async-each@1.0.1
41 silly idealTree ├── async@2.0.1
41 silly idealTree ├── asynckit@0.4.0
41 silly idealTree ├── aws-sign2@0.6.0
41 silly idealTree ├── aws4@1.5.0
41 silly idealTree ├── axios@0.15.2
41 silly idealTree ├── babel-cli@6.16.0
41 silly idealTree ├─┬ babel-code-frame@6.16.0
41 silly idealTree │ └── js-tokens@2.0.0
41 silly idealTree ├── babel-core@6.17.0
41 silly idealTree ├── babel-generator@6.17.0
41 silly idealTree ├── babel-helper-builder-react-jsx@6.9.0
41 silly idealTree ├── babel-helpers@6.16.0
41 silly idealTree ├── babel-messages@6.8.0
41 silly idealTree ├── babel-plugin-syntax-flow@6.13.0
41 silly idealTree ├── babel-plugin-syntax-jsx@6.13.0
41 silly idealTree ├── babel-plugin-transform-flow-strip-types@6.14.0
41 silly idealTree ├── babel-plugin-transform-react-display-name@6.8.0
41 silly idealTree ├── babel-plugin-transform-react-jsx-self@6.11.0
41 silly idealTree ├── babel-plugin-transform-react-jsx-source@6.9.0
41 silly idealTree ├── babel-plugin-transform-react-jsx@6.8.0
41 silly idealTree ├─┬ babel-polyfill@6.16.0
41 silly idealTree │ └── core-js@2.4.1
41 silly idealTree ├── babel-preset-react@6.16.0
41 silly idealTree ├─┬ babel-register@6.16.3
41 silly idealTree │ └── core-js@2.4.1
41 silly idealTree ├─┬ babel-runtime@6.11.6
41 silly idealTree │ └── core-js@2.4.1
41 silly idealTree ├── babel-template@6.16.0
41 silly idealTree ├── babel-traverse@6.16.0
41 silly idealTree ├── babel-types@6.16.0
41 silly idealTree ├── babylon@6.12.0
41 silly idealTree ├── backo2@1.0.2
41 silly idealTree ├── balanced-match@0.4.2
41 silly idealTree ├── base64-arraybuffer@0.1.5
41 silly idealTree ├── base64id@0.1.0
41 silly idealTree ├── basic-auth@1.0.4
41 silly idealTree ├── bcrypt-pbkdf@1.0.0
41 silly idealTree ├── benchmark@1.0.0
41 silly idealTree ├── better-assert@1.0.2
41 silly idealTree ├─┬ bin-version-check@2.1.0
41 silly idealTree │ └── semver@4.3.6
41 silly idealTree ├── bin-version@1.0.4
41 silly idealTree ├── binary-extensions@1.7.0
41 silly idealTree ├─┬ bl@1.1.2
41 silly idealTree │ └── readable-stream@2.0.6
41 silly idealTree ├── blob@0.0.4
41 silly idealTree ├── bluebird@2.10.2
41 silly idealTree ├── body-parser@1.15.2
41 silly idealTree ├── boom@2.10.1
41 silly idealTree ├── brace-expansion@1.1.6
41 silly idealTree ├── braces@1.8.5
41 silly idealTree ├── bson@0.5.6
41 silly idealTree ├── buffer-shims@1.0.0
41 silly idealTree ├── builtin-modules@1.1.1
41 silly idealTree ├── bytes@2.4.0
41 silly idealTree ├── callsite@1.0.0
41 silly idealTree ├── camelcase-keys@2.1.0
41 silly idealTree ├── camelcase@2.1.1
41 silly idealTree ├── caseless@0.11.0
41 silly idealTree ├── chalk@1.1.1
41 silly idealTree ├── chokidar@1.6.1
41 silly idealTree ├── combined-stream@1.0.5
41 silly idealTree ├── commander@2.9.0
41 silly idealTree ├── component-bind@1.0.0
41 silly idealTree ├── component-emitter@1.1.2
41 silly idealTree ├── component-inherit@0.0.3
41 silly idealTree ├── concat-map@0.0.1
41 silly idealTree ├── content-disposition@0.5.1
41 silly idealTree ├── content-type@1.0.2
41 silly idealTree ├── convert-source-map@1.3.0
41 silly idealTree ├── cookie-signature@1.0.6
41 silly idealTree ├── cookie@0.3.1
41 silly idealTree ├── core-js@1.2.7
41 silly idealTree ├── core-util-is@1.0.2
41 silly idealTree ├── cryptiles@2.0.5
41 silly idealTree ├── currently-unhandled@0.4.1
41 silly idealTree ├─┬ dashdash@1.14.0
41 silly idealTree │ └── assert-plus@1.0.0
41 silly idealTree ├── debug@2.2.0
41 silly idealTree ├── decamelize@1.2.0
41 silly idealTree ├── deep-equal@1.0.1
41 silly idealTree ├── delayed-stream@1.0.0
41 silly idealTree ├── depd@1.1.0
41 silly idealTree ├── destroy@1.0.4
41 silly idealTree ├── detect-indent@3.0.1
41 silly idealTree ├── dotenv@2.0.0
41 silly idealTree ├── ecc-jsbn@0.1.1
41 silly idealTree ├── ee-first@1.1.1
41 silly idealTree ├── encodeurl@1.0.1
41 silly idealTree ├── encoding@0.1.12
41 silly idealTree ├── engine.io-client@1.7.0
41 silly idealTree ├─┬ engine.io-parser@1.3.0
41 silly idealTree │ ├── has-binary@0.1.6
41 silly idealTree │ └── isarray@0.0.1
41 silly idealTree ├── engine.io@1.7.0
41 silly idealTree ├── error-ex@1.3.0
41 silly idealTree ├── es6-promise@3.2.1
41 silly idealTree ├── escape-html@1.0.3
41 silly idealTree ├── escape-string-regexp@1.0.5
41 silly idealTree ├── esutils@2.0.2
41 silly idealTree ├── etag@1.7.0
41 silly idealTree ├── expand-brackets@0.1.5
41 silly idealTree ├── expand-range@1.8.2
41 silly idealTree ├── express@4.14.0
41 silly idealTree ├── extend@3.0.0
41 silly idealTree ├── extglob@0.3.2
41 silly idealTree ├── extsprintf@1.0.2
41 silly idealTree ├── fbjs@0.8.5
41 silly idealTree ├── filename-regex@2.0.0
41 silly idealTree ├── fill-range@2.2.3
41 silly idealTree ├── finalhandler@0.5.0
41 silly idealTree ├─┬ find-up@1.1.2
41 silly idealTree │ └── path-exists@2.1.0
41 silly idealTree ├── find-versions@1.2.1
41 silly idealTree ├─┬ firebase@3.5.1
41 silly idealTree │ ├── dom-storage@2.0.2
41 silly idealTree │ ├─┬ faye-websocket@0.9.3
41 silly idealTree │ │ └─┬ websocket-driver@0.6.4
41 silly idealTree │ │   └── websocket-extensions@0.1.1
41 silly idealTree │ ├─┬ jsonwebtoken@5.7.0
41 silly idealTree │ │ ├─┬ jws@3.1.3
41 silly idealTree │ │ │ ├─┬ base64url@1.0.6
41 silly idealTree │ │ │ │ ├─┬ concat-stream@1.4.10
41 silly idealTree │ │ │ │ │ ├── inherits@2.0.1
41 silly idealTree │ │ │ │ │ ├─┬ readable-stream@1.1.14
41 silly idealTree │ │ │ │ │ │ ├── core-util-is@1.0.2
41 silly idealTree │ │ │ │ │ │ ├── isarray@0.0.1
41 silly idealTree │ │ │ │ │ │ └── string_decoder@0.10.31
41 silly idealTree │ │ │ │ │ └── typedarray@0.0.6
41 silly idealTree │ │ │ │ └─┬ meow@2.0.0
41 silly idealTree │ │ │ │   ├─┬ camelcase-keys@1.0.0
41 silly idealTree │ │ │ │   │ ├── camelcase@1.2.1
41 silly idealTree │ │ │ │   │ └── map-obj@1.0.1
41 silly idealTree │ │ │ │   ├─┬ indent-string@1.2.2
41 silly idealTree │ │ │ │   │ ├── get-stdin@4.0.1
41 silly idealTree │ │ │ │   │ └─┬ repeating@1.1.3
41 silly idealTree │ │ │ │   │   └─┬ is-finite@1.0.1
41 silly idealTree │ │ │ │   │     └── number-is-nan@1.0.0
41 silly idealTree │ │ │ │   ├── minimist@1.2.0
41 silly idealTree │ │ │ │   └── object-assign@1.0.0
41 silly idealTree │ │ │ └─┬ jwa@1.1.3
41 silly idealTree │ │ │   ├── buffer-equal-constant-time@1.0.1
41 silly idealTree │ │ │   └─┬ ecdsa-sig-formatter@1.0.5
41 silly idealTree │ │ │     └── base64-url@1.2.2
41 silly idealTree │ │ ├── ms@0.7.1
41 silly idealTree │ │ └── xtend@4.0.1
41 silly idealTree │ ├── rsvp@3.2.1
41 silly idealTree │ └── xmlhttprequest@1.8.0
41 silly idealTree ├── follow-redirects@0.0.7
41 silly idealTree ├── for-in@0.1.6
41 silly idealTree ├── for-own@0.1.4
41 silly idealTree ├── forever-agent@0.6.1
41 silly idealTree ├── form-data@2.0.0
41 silly idealTree ├── forwarded@0.1.0
41 silly idealTree ├── fresh@0.3.0
41 silly idealTree ├── fs-readdir-recursive@0.1.2
41 silly idealTree ├── generate-function@2.0.0
41 silly idealTree ├── generate-object-property@1.2.0
41 silly idealTree ├── get-stdin@4.0.1
41 silly idealTree ├─┬ getpass@0.1.6
41 silly idealTree │ └── assert-plus@1.0.0
41 silly idealTree ├── glob-base@0.3.0
41 silly idealTree ├── glob-parent@2.0.0
41 silly idealTree ├── glob@5.0.15
41 silly idealTree ├── globals@8.18.0
41 silly idealTree ├── graceful-fs@4.1.9
41 silly idealTree ├── graceful-readlink@1.0.1
41 silly idealTree ├── har-validator@2.0.6
41 silly idealTree ├── has-ansi@2.0.0
41 silly idealTree ├─┬ has-binary@0.1.7
41 silly idealTree │ └── isarray@0.0.1
41 silly idealTree ├── has-cors@1.1.0
41 silly idealTree ├── hawk@3.1.3
41 silly idealTree ├─┬ history@2.1.2
41 silly idealTree │ └── warning@2.1.0
41 silly idealTree ├── hoek@2.16.3
41 silly idealTree ├── hoist-non-react-statics@1.2.0
41 silly idealTree ├── home-or-tmp@1.0.0
41 silly idealTree ├── hooks-fixed@1.2.0
41 silly idealTree ├── hosted-git-info@2.1.5
41 silly idealTree ├── http-errors@1.5.0
41 silly idealTree ├── http-signature@1.1.1
41 silly idealTree ├── http@0.0.0
41 silly idealTree ├── iconv-lite@0.4.13
41 silly idealTree ├── immutable@3.8.1
41 silly idealTree ├─┬ indent-string@2.1.0
41 silly idealTree │ └── repeating@2.0.1
41 silly idealTree ├── indexof@0.0.1
41 silly idealTree ├── inflight@1.0.6
41 silly idealTree ├── inherits@2.0.1
41 silly idealTree ├── invariant@2.2.1
41 silly idealTree ├── ipaddr.js@1.1.1
41 silly idealTree ├── is-arrayish@0.2.1
41 silly idealTree ├── is-binary-path@1.0.1
41 silly idealTree ├── is-buffer@1.1.4
41 silly idealTree ├── is-builtin-module@1.0.0
41 silly idealTree ├── is-dotfile@1.0.2
41 silly idealTree ├── is-equal-shallow@0.1.3
41 silly idealTree ├── is-extendable@0.1.1
41 silly idealTree ├── is-extglob@1.0.0
41 silly idealTree ├── is-finite@1.0.2
41 silly idealTree ├── is-glob@2.0.1
41 silly idealTree ├── is-my-json-valid@2.15.0
41 silly idealTree ├── is-number@2.1.0
41 silly idealTree ├── is-posix-bracket@0.1.1
41 silly idealTree ├── is-primitive@2.0.0
41 silly idealTree ├── is-property@1.0.2
41 silly idealTree ├── is-stream@1.1.0
41 silly idealTree ├── is-typedarray@1.0.0
41 silly idealTree ├── is-utf8@0.2.1
41 silly idealTree ├── isarray@1.0.0
41 silly idealTree ├── isobject@2.1.0
41 silly idealTree ├── isomorphic-fetch@2.2.1
41 silly idealTree ├── isstream@0.1.2
41 silly idealTree ├── jodid25519@1.0.2
41 silly idealTree ├── jquery@3.1.1
41 silly idealTree ├── js-tokens@1.0.3
41 silly idealTree ├── jsbn@0.1.0
41 silly idealTree ├── jsesc@1.3.0
41 silly idealTree ├── json-schema@0.2.3
41 silly idealTree ├── json-stringify-safe@5.0.1
41 silly idealTree ├── json3@3.2.6
41 silly idealTree ├── json5@0.4.0
41 silly idealTree ├── jsonpointer@4.0.0
41 silly idealTree ├── jsprim@1.3.1
41 silly idealTree ├── kareem@1.1.3
41 silly idealTree ├── kind-of@3.0.4
41 silly idealTree ├── load-json-file@1.1.0
41 silly idealTree ├── lodash.foreach@4.5.0
41 silly idealTree ├── lodash.get@4.4.2
41 silly idealTree ├── lodash@4.16.4
41 silly idealTree ├── log-symbols@1.0.2
41 silly idealTree ├── loose-envify@1.2.0
41 silly idealTree ├── loud-rejection@1.6.0
41 silly idealTree ├── map-obj@1.0.1
41 silly idealTree ├── media-typer@0.3.0
41 silly idealTree ├── meow@3.7.0
41 silly idealTree ├── merge-descriptors@1.0.1
41 silly idealTree ├── methods@1.1.2
41 silly idealTree ├── micromatch@2.3.11
41 silly idealTree ├── mime-db@1.24.0
41 silly idealTree ├── mime-types@2.1.12
41 silly idealTree ├── mime@1.3.4
41 silly idealTree ├── minimatch@3.0.3
41 silly idealTree ├── minimist@1.2.0
41 silly idealTree ├─┬ mkdirp@0.5.1
41 silly idealTree │ └── minimist@0.0.8
41 silly idealTree ├── moment@2.15.1
41 silly idealTree ├── mongodb-core@2.0.12
41 silly idealTree ├── mongodb@2.2.10
41 silly idealTree ├── mongoose-unique-validator@1.0.2
41 silly idealTree ├── mongoose@4.6.4
41 silly idealTree ├── morgan@1.7.0
41 silly idealTree ├── mpath@0.2.1
41 silly idealTree ├── mpromise@0.5.5
41 silly idealTree ├─┬ mquery@2.0.0
41 silly idealTree │ └── sliced@0.0.5
41 silly idealTree ├── ms@0.7.1
41 silly idealTree ├── muri@1.1.1
41 silly idealTree ├── negotiator@0.6.1
41 silly idealTree ├── node-fetch@1.6.3
41 silly idealTree ├── node-uuid@1.4.7
41 silly idealTree ├── normalize-package-data@2.3.5
41 silly idealTree ├── normalize-path@2.0.1
41 silly idealTree ├── number-is-nan@1.0.1
41 silly idealTree ├── oauth-sign@0.8.2
41 silly idealTree ├── object-assign@4.1.0
41 silly idealTree ├── object-component@0.0.3
41 silly idealTree ├── object.omit@2.0.0
41 silly idealTree ├── on-finished@2.3.0
41 silly idealTree ├── on-headers@1.0.1
41 silly idealTree ├── once@1.4.0
41 silly idealTree ├── options@0.0.6
41 silly idealTree ├── os-tmpdir@1.0.2
41 silly idealTree ├── output-file-sync@1.1.2
41 silly idealTree ├── parse-glob@3.0.4
41 silly idealTree ├── parse-json@2.2.0
41 silly idealTree ├── parsejson@0.0.1
41 silly idealTree ├── parseqs@0.0.2
41 silly idealTree ├── parseuri@0.0.4
41 silly idealTree ├── parseurl@1.3.1
41 silly idealTree ├── path-exists@1.0.0
41 silly idealTree ├── path-is-absolute@1.0.1
41 silly idealTree ├── path-to-regexp@0.1.7
41 silly idealTree ├── path-type@1.1.0
41 silly idealTree ├── path@0.12.7
41 silly idealTree ├── pify@2.3.0
41 silly idealTree ├── pinkie-promise@2.0.1
41 silly idealTree ├── pinkie@2.0.4
41 silly idealTree ├── preserve@0.2.0
41 silly idealTree ├── private@0.1.6
41 silly idealTree ├── process-nextick-args@1.0.7
41 silly idealTree ├── process@0.11.9
41 silly idealTree ├── promise@7.1.1
41 silly idealTree ├── proxy-addr@1.1.2
41 silly idealTree ├── qs@6.2.0
41 silly idealTree ├── query-string@3.0.3
41 silly idealTree ├── randomatic@1.1.5
41 silly idealTree ├── range-parser@1.2.0
41 silly idealTree ├── raw-body@2.1.7
41 silly idealTree ├── react-dom@15.3.2
41 silly idealTree ├── react-router@2.8.1
41 silly idealTree ├── react-timeago@3.1.3
41 silly idealTree ├── react@15.3.2
41 silly idealTree ├── reactfire@1.0.0
41 silly idealTree ├── read-pkg-up@1.0.1
41 silly idealTree ├── read-pkg@1.1.0
41 silly idealTree ├── readable-stream@2.1.5
41 silly idealTree ├── readdirp@2.1.0
41 silly idealTree ├── redent@1.0.0
41 silly idealTree ├── regenerator-runtime@0.9.5
41 silly idealTree ├── regex-cache@0.4.3
41 silly idealTree ├── regexp-clone@0.0.1
41 silly idealTree ├── repeat-element@1.1.2
41 silly idealTree ├── repeat-string@1.5.4
41 silly idealTree ├── repeating@1.1.3
41 silly idealTree ├── request@2.75.0
41 silly idealTree ├── require_optional@1.0.0
41 silly idealTree ├── resolve-from@2.0.0
41 silly idealTree ├── semver-regex@1.0.0
41 silly idealTree ├── semver-truncate@1.1.2
41 silly idealTree ├── semver@5.3.0
41 silly idealTree ├── send@0.14.1
41 silly idealTree ├── serve-static@1.11.1
41 silly idealTree ├── set-immediate-shim@1.0.1
41 silly idealTree ├── setprototypeof@1.0.1
41 silly idealTree ├── shebang-regex@1.0.0
41 silly idealTree ├── signal-exit@3.0.1
41 silly idealTree ├── slash@1.0.0
41 silly idealTree ├── sliced@1.0.1
41 silly idealTree ├── sntp@1.0.9
41 silly idealTree ├─┬ socket.io-adapter@0.4.0
41 silly idealTree │ ├── isarray@0.0.1
41 silly idealTree │ └─┬ socket.io-parser@2.2.2
41 silly idealTree │   └── debug@0.7.4
41 silly idealTree ├─┬ socket.io-client@1.5.0
41 silly idealTree │ └── component-emitter@1.2.0
41 silly idealTree ├─┬ socket.io-parser@2.2.6
41 silly idealTree │ ├── isarray@0.0.1
41 silly idealTree │ └── json3@3.3.2
41 silly idealTree ├── socket.io@1.5.0
41 silly idealTree ├── source-map-support@0.4.5
41 silly idealTree ├── source-map@0.5.6
41 silly idealTree ├── spdx-correct@1.0.2
41 silly idealTree ├── spdx-expression-parse@1.0.4
41 silly idealTree ├── spdx-license-ids@1.2.2
41 silly idealTree ├─┬ sshpk@1.10.1
41 silly idealTree │ └── assert-plus@1.0.0
41 silly idealTree ├── statuses@1.3.0
41 silly idealTree ├── stream-consume@0.1.0
41 silly idealTree ├── strict-uri-encode@1.1.0
41 silly idealTree ├── string_decoder@0.10.31
41 silly idealTree ├── stringstream@0.0.5
41 silly idealTree ├── strip-ansi@3.0.1
41 silly idealTree ├── strip-bom@2.0.0
41 silly idealTree ├── strip-indent@1.0.1
41 silly idealTree ├── supports-color@2.0.0
41 silly idealTree ├── to-array@0.1.4
41 silly idealTree ├── to-fast-properties@1.0.2
41 silly idealTree ├── tough-cookie@2.3.1
41 silly idealTree ├── trim-newlines@1.0.0
41 silly idealTree ├── tunnel-agent@0.4.3
41 silly idealTree ├── tweetnacl@0.14.3
41 silly idealTree ├── type-is@1.6.13
41 silly idealTree ├── ua-parser-js@0.7.10
41 silly idealTree ├── ultron@1.0.2
41 silly idealTree ├── unpipe@1.0.0
41 silly idealTree ├── user-home@1.1.1
41 silly idealTree ├── util-deprecate@1.0.2
41 silly idealTree ├── util@0.10.3
41 silly idealTree ├── utils-merge@1.0.0
41 silly idealTree ├── v8flags@2.0.11
41 silly idealTree ├── validate-npm-package-license@3.0.1
41 silly idealTree ├── vary@1.1.0
41 silly idealTree ├── verror@1.3.6
41 silly idealTree ├── warning@3.0.0
41 silly idealTree ├── whatwg-fetch@1.0.0
41 silly idealTree ├── wrappy@1.0.2
41 silly idealTree ├── ws@1.1.1
41 silly idealTree ├── wtf-8@1.0.0
41 silly idealTree ├── xmlhttprequest-ssl@1.5.1
41 silly idealTree ├── xtend@4.0.1
41 silly idealTree └── yeast@0.1.2
42 silly generateActionsToTake Starting
43 silly install generateActionsToTake
44 silly generateActionsToTake Finishing
45 silly diffTrees action count 0
46 silly decomposeActions action count 0
47 silly runTopLevelLifecycles Starting
48 silly install runPreinstallTopLevelLifecycles
49 silly preinstall chatmeup@1.0.0 /home/deploy/ChatterUp/chatmeup-6b616968
50 info lifecycle chatmeup@1.0.0~preinstall: chatmeup@1.0.0
51 silly lifecycle chatmeup@1.0.0~preinstall: no script for preinstall, continuing
52 silly executeActions Starting
53 silly install executeActions
54 silly doSerial global-install 0
55 silly doParallel fetch 0
56 verbose correctMkdir /home/deploy/.npm/_locks correctMkdir not in flight; initializing
57 verbose lock using /home/deploy/.npm/_locks/staging-2cbe99927d6b584f.lock for /home/deploy/ChatterUp/node_modules/.staging
58 silly doParallel extract 0
59 silly doParallel preinstall 0
60 silly doReverseSerial remove 0
61 silly doSerial move 0
62 silly doSerial finalize 0
63 silly doSerial build 0
64 silly doSerial global-link 0
65 silly doParallel update-linked 0
66 silly doSerial install 0
67 silly doSerial postinstall 0
68 verbose unlock done using /home/deploy/.npm/_locks/staging-2cbe99927d6b584f.lock for /home/deploy/ChatterUp/node_modules/.staging
69 silly executeActions Finishing
70 silly rollbackFailedOptional Starting
71 silly rollbackFailedOptional Finishing
72 silly install runPostinstallTopLevelLifecycles
73 silly build chatmeup@1.0.0
74 info linkStuff chatmeup@1.0.0
75 silly linkStuff chatmeup@1.0.0 has /home/deploy as its parent node_modules
76 verbose linkBins chatmeup@1.0.0
77 verbose linkMans chatmeup@1.0.0
78 silly install chatmeup@1.0.0 /home/deploy/ChatterUp/chatmeup-6b616968
79 info lifecycle chatmeup@1.0.0~install: chatmeup@1.0.0
80 silly lifecycle chatmeup@1.0.0~install: no script for install, continuing
81 silly postinstall chatmeup@1.0.0 /home/deploy/ChatterUp/chatmeup-6b616968
82 info lifecycle chatmeup@1.0.0~postinstall: chatmeup@1.0.0
83 verbose lifecycle chatmeup@1.0.0~postinstall: unsafe-perm in lifecycle true
84 verbose lifecycle chatmeup@1.0.0~postinstall: PATH: /usr/lib/node_modules/npm/bin/node-gyp-bin:/home/deploy/ChatterUp/node_modules/.bin:/usr/local/bin:/usr/bin:/bin:/usr/local/games:/usr/games
85 verbose lifecycle chatmeup@1.0.0~postinstall: CWD: /home/deploy/ChatterUp
86 silly lifecycle chatmeup@1.0.0~postinstall: Args: [ '-c', 'webpack -p' ]
87 info lifecycle chatmeup@1.0.0~postinstall: Failed to exec postinstall script
88 warn optional SKIPPING OPTIONAL DEPENDENCY: fsevents@^1.0.0 (node_modules/chokidar/node_modules/fsevents):
89 warn notsup SKIPPING OPTIONAL DEPENDENCY: Unsupported platform for fsevents@1.0.14: wanted {"os":"darwin","arch":"any"} (current: {"os":"linux","arch":"x64"})
90 verbose notsup SKIPPING OPTIONAL DEPENDENCY: Valid OS:    darwin
90 verbose notsup SKIPPING OPTIONAL DEPENDENCY: Valid Arch:  any
90 verbose notsup SKIPPING OPTIONAL DEPENDENCY: Actual OS:   linux
90 verbose notsup SKIPPING OPTIONAL DEPENDENCY: Actual Arch: x64
91 warn chatmeup@1.0.0 No repository field.
92 verbose If you need help, you may report this error at:
92 verbose     <https://github.com/npm/npm/issues>
93 verbose stack Error: chatmeup@1.0.0 postinstall: `webpack -p`
93 verbose stack spawn ENOENT
93 verbose stack     at ChildProcess.<anonymous> (/usr/lib/node_modules/npm/lib/utils/spawn.js:33:16)
93 verbose stack     at emitTwo (events.js:106:13)
93 verbose stack     at ChildProcess.emit (events.js:191:7)
93 verbose stack     at maybeClose (internal/child_process.js:877:16)
93 verbose stack     at Process.ChildProcess._handle.onexit (internal/child_process.js:226:5)
94 verbose pkgid chatmeup@1.0.0
95 verbose cwd /home/deploy/ChatterUp
96 error Linux 3.13.0-92-generic
97 error argv "/usr/bin/nodejs" "/usr/bin/npm" "install"
98 error node v6.9.1
99 error npm  v3.10.8
100 error file sh
101 error code ELIFECYCLE
102 error errno ENOENT
103 error syscall spawn
104 error chatmeup@1.0.0 postinstall: `webpack -p`
104 error spawn ENOENT
105 error Failed at the chatmeup@1.0.0 postinstall script 'webpack -p'.
105 error Make sure you have the latest version of node.js and npm installed.
105 error If you do, this is most likely a problem with the chatmeup package,
105 error not with npm itself.
105 error Tell the author that this fails on your system:
105 error     webpack -p
105 error You can get information on how to open an issue for this project with:
105 error     npm bugs chatmeup
105 error Or if that isn't available, you can get their info via:
105 error     npm owner ls chatmeup
105 error There is likely additional logging output above.
106 verbose exit [ 1, true ]
